# JRE version: OpenJDK Runtime Environment (11.0.2+9) (build 11.0.2+9)
# Java VM: OpenJDK 64-Bit Server VM (11.0.2+9, mixed mode, tiered, compressed oops, g1 gc, windows-amd64)
Heap:
 garbage-first heap   total 583680K, used 382556K [0x0000000080000000, 0x0000000100000000)
  region size 1024K, 8 young (8192K), 8 survivors (8192K)
 Metaspace       used 125314K, capacity 130166K, committed 130304K, reserved 628736K
  class space    used 16262K, capacity 18160K, committed 18176K, reserved 516096K
GC Heap History (10 events):
Event: 179.085 GC heap after
{Heap after GC invocations=203 (full 0):
 garbage-first heap   total 520192K, used 350960K [0x0000000080000000, 0x0000000100000000)
  region size 1024K, 7 young (7168K), 7 survivors (7168K)
 Metaspace       used 125281K, capacity 130100K, committed 130304K, reserved 628736K
  class space    used 16262K, capacity 18160K, committed 18176K, reserved 516096K
}
Event: 179.865 GC heap before
{Heap before GC invocations=203 (full 0):
 garbage-first heap   total 520192K, used 428784K [0x0000000080000000, 0x0000000100000000)
  region size 1024K, 84 young (86016K), 7 survivors (7168K)
 Metaspace       used 125283K, capacity 130100K, committed 130304K, reserved 628736K
  class space    used 16262K, capacity 18160K, committed 18176K, reserved 516096K
}
Event: 179.887 GC heap after
{Heap after GC invocations=204 (full 0):
 garbage-first heap   total 520192K, used 356284K [0x0000000080000000, 0x0000000100000000)
  region size 1024K, 5 young (5120K), 5 survivors (5120K)
 Metaspace       used 125283K, capacity 130100K, committed 130304K, reserved 628736K
  class space    used 16262K, capacity 18160K, committed 18176K, reserved 516096K
}
Event: 180.552 GC heap before
{Heap before GC invocations=204 (full 0):
 garbage-first heap   total 520192K, used 434108K [0x0000000080000000, 0x0000000100000000)
  region size 1024K, 82 young (83968K), 5 survivors (5120K)
 Metaspace       used 125286K, capacity 130100K, committed 130304K, reserved 628736K
  class space    used 16262K, capacity 18160K, committed 18176K, reserved 516096K
}
Event: 180.571 GC heap after
{Heap after GC invocations=205 (full 0):
 garbage-first heap   total 520192K, used 361684K [0x0000000080000000, 0x0000000100000000)
  region size 1024K, 11 young (11264K), 11 survivors (11264K)
 Metaspace       used 125286K, capacity 130100K, committed 130304K, reserved 628736K
  class space    used 16262K, capacity 18160K, committed 18176K, reserved 516096K
}
Event: 181.423 GC heap before
{Heap before GC invocations=205 (full 0):
 garbage-first heap   total 520192K, used 437460K [0x0000000080000000, 0x0000000100000000)
  region size 1024K, 86 young (88064K), 11 survivors (11264K)
 Metaspace       used 125311K, capacity 130166K, committed 130304K, reserved 628736K
  class space    used 16262K, capacity 18160K, committed 18176K, reserved 516096K
}
Event: 181.456 GC heap after
{Heap after GC invocations=206 (full 0):
 garbage-first heap   total 520192K, used 370219K [0x0000000080000000, 0x0000000100000000)
  region size 1024K, 11 young (11264K), 11 survivors (11264K)
 Metaspace       used 125311K, capacity 130166K, committed 130304K, reserved 628736K
  class space    used 16262K, capacity 18160K, committed 18176K, reserved 516096K
}
Event: 181.970 GC heap before
{Heap before GC invocations=206 (full 0):
 garbage-first heap   total 520192K, used 439850K [0x0000000080000000, 0x0000000100000000)
  region size 1024K, 80 young (81920K), 11 survivors (11264K)
 Metaspace       used 125312K, capacity 130166K, committed 130304K, reserved 628736K
  class space    used 16262K, capacity 18160K, committed 18176K, reserved 516096K
}
Event: 181.992 GC heap after
{Heap after GC invocations=207 (full 0):
 garbage-first heap   total 520192K, used 376320K [0x0000000080000000, 0x0000000100000000)
  region size 1024K, 9 young (9216K), 9 survivors (9216K)
 Metaspace       used 125312K, capacity 130166K, committed 130304K, reserved 628736K
  class space    used 16262K, capacity 18160K, committed 18176K, reserved 516096K
}
Event: 182.451 GC heap before
{Heap before GC invocations=207 (full 0):
 garbage-first heap   total 520192K, used 442880K [0x0000000080000000, 0x0000000100000000)
  region size 1024K, 74 young (75776K), 9 survivors (9216K)
 Metaspace       used 125314K, capacity 130166K, committed 130304K, reserved 628736K
  class space    used 16262K, capacity 18160K, committed 18176K, reserved 516096K
}

