# JRE version: OpenJDK Runtime Environment (11.0.2+9) (build 11.0.2+9)
# Java VM: OpenJDK 64-Bit Server VM (11.0.2+9, mixed mode, tiered, compressed oops, g1 gc, windows-amd64)
Heap:
 garbage-first heap   total 65536K, used 31208K [0x00000000fc000000, 0x0000000100000000)
  region size 1024K, 22 young (22528K), 1 survivors (1024K)
 Metaspace       used 17097K, capacity 17453K, committed 17792K, reserved 1064960K
  class space    used 1930K, capacity 2058K, committed 2176K, reserved 1048576K
GC Heap History (6 events):
Event: 3.118 GC heap before
{Heap before GC invocations=0 (full 0):
 garbage-first heap   total 65536K, used 16384K [0x00000000fc000000, 0x0000000100000000)
  region size 1024K, 14 young (14336K), 0 survivors (0K)
 Metaspace       used 7800K, capacity 7953K, committed 8192K, reserved 1056768K
  class space    used 704K, capacity 754K, committed 768K, reserved 1048576K
}
Event: 3.127 GC heap after
{Heap after GC invocations=1 (full 0):
 garbage-first heap   total 65536K, used 3800K [0x00000000fc000000, 0x0000000100000000)
  region size 1024K, 2 young (2048K), 2 survivors (2048K)
 Metaspace       used 7800K, capacity 7953K, committed 8192K, reserved 1056768K
  class space    used 704K, capacity 754K, committed 768K, reserved 1048576K
}
Event: 5.281 GC heap before
{Heap before GC invocations=1 (full 0):
 garbage-first heap   total 65536K, used 17112K [0x00000000fc000000, 0x0000000100000000)
  region size 1024K, 12 young (12288K), 2 survivors (2048K)
 Metaspace       used 10667K, capacity 10936K, committed 11264K, reserved 1058816K
  class space    used 1112K, capacity 1178K, committed 1280K, reserved 1048576K
}
Event: 5.288 GC heap after
{Heap after GC invocations=2 (full 0):
 garbage-first heap   total 65536K, used 10039K [0x00000000fc000000, 0x0000000100000000)
  region size 1024K, 2 young (2048K), 2 survivors (2048K)
 Metaspace       used 10667K, capacity 10936K, committed 11264K, reserved 1058816K
  class space    used 1112K, capacity 1178K, committed 1280K, reserved 1048576K
}
Event: 7.673 GC heap before
{Heap before GC invocations=2 (full 0):
 garbage-first heap   total 65536K, used 31543K [0x00000000fc000000, 0x0000000100000000)
  region size 1024K, 23 young (23552K), 2 survivors (2048K)
 Metaspace       used 14905K, capacity 15269K, committed 15488K, reserved 1062912K
  class space    used 1731K, capacity 1838K, committed 1920K, reserved 1048576K
}
Event: 7.687 GC heap after
{Heap after GC invocations=3 (full 0):
 garbage-first heap   total 65536K, used 10728K [0x00000000fc000000, 0x0000000100000000)
  region size 1024K, 1 young (1024K), 1 survivors (1024K)
 Metaspace       used 14905K, capacity 15269K, committed 15488K, reserved 1062912K
  class space    used 1731K, capacity 1838K, committed 1920K, reserved 1048576K
}

