# JRE version: OpenJDK Runtime Environment (11.0.2+9) (build 11.0.2+9)
# Java VM: OpenJDK 64-Bit Server VM (11.0.2+9, mixed mode, tiered, compressed oops, g1 gc, windows-amd64)
Heap:
 garbage-first heap   total 368640K, used 260843K [0x0000000080000000, 0x0000000100000000)
  region size 1024K, 23 young (23552K), 10 survivors (10240K)
 Metaspace       used 160123K, capacity 165936K, committed 166016K, reserved 661504K
  class space    used 19933K, capacity 22094K, committed 22144K, reserved 516096K
GC Heap History (10 events):
Event: 680.892 GC heap before
{Heap before GC invocations=453 (full 0):
 garbage-first heap   total 368640K, used 296101K [0x0000000080000000, 0x0000000100000000)
  region size 1024K, 79 young (80896K), 2 survivors (2048K)
 Metaspace       used 151400K, capacity 156782K, committed 157056K, reserved 653312K
  class space    used 18613K, capacity 20577K, committed 20608K, reserved 516096K
}
Event: 680.898 GC heap after
{Heap after GC invocations=454 (full 0):
 garbage-first heap   total 368640K, used 217079K [0x0000000080000000, 0x0000000100000000)
  region size 1024K, 2 young (2048K), 2 survivors (2048K)
 Metaspace       used 151400K, capacity 156782K, committed 157056K, reserved 653312K
  class space    used 18613K, capacity 20577K, committed 20608K, reserved 516096K
}
Event: 681.448 GC heap before
{Heap before GC invocations=454 (full 0):
 garbage-first heap   total 368640K, used 303095K [0x0000000080000000, 0x0000000100000000)
  region size 1024K, 86 young (88064K), 2 survivors (2048K)
 Metaspace       used 151417K, capacity 156849K, committed 157056K, reserved 653312K
  class space    used 18614K, capacity 20578K, committed 20608K, reserved 516096K
}
Event: 681.453 GC heap after
{Heap after GC invocations=455 (full 0):
 garbage-first heap   total 368640K, used 217229K [0x0000000080000000, 0x0000000100000000)
  region size 1024K, 2 young (2048K), 2 survivors (2048K)
 Metaspace       used 151417K, capacity 156849K, committed 157056K, reserved 653312K
  class space    used 18614K, capacity 20578K, committed 20608K, reserved 516096K
}
Event: 681.942 GC heap before
{Heap before GC invocations=455 (full 0):
 garbage-first heap   total 368640K, used 309389K [0x0000000080000000, 0x0000000100000000)
  region size 1024K, 89 young (91136K), 2 survivors (2048K)
 Metaspace       used 152239K, capacity 157673K, committed 157696K, reserved 653312K
  class space    used 18742K, capacity 20725K, committed 20736K, reserved 516096K
}
Event: 681.954 GC heap after
{Heap after GC invocations=456 (full 0):
 garbage-first heap   total 368640K, used 224717K [0x0000000080000000, 0x0000000100000000)
  region size 1024K, 7 young (7168K), 7 survivors (7168K)
 Metaspace       used 152239K, capacity 157673K, committed 157696K, reserved 653312K
  class space    used 18742K, capacity 20725K, committed 20736K, reserved 516096K
}
Event: 683.664 GC heap before
{Heap before GC invocations=456 (full 0):
 garbage-first heap   total 368640K, used 308685K [0x0000000080000000, 0x0000000100000000)
  region size 1024K, 90 young (92160K), 7 survivors (7168K)
 Metaspace       used 156582K, capacity 162150K, committed 162176K, reserved 657408K
  class space    used 19332K, capacity 21369K, committed 21376K, reserved 516096K
}
Event: 683.699 GC heap after
{Heap after GC invocations=457 (full 0):
 garbage-first heap   total 368640K, used 241268K [0x0000000080000000, 0x0000000100000000)
  region size 1024K, 12 young (12288K), 12 survivors (12288K)
 Metaspace       used 156582K, capacity 162150K, committed 162176K, reserved 657408K
  class space    used 19332K, capacity 21369K, committed 21376K, reserved 516096K
}
Event: 684.922 GC heap before
{Heap before GC invocations=457 (full 0):
 garbage-first heap   total 368640K, used 308852K [0x0000000080000000, 0x0000000100000000)
  region size 1024K, 78 young (79872K), 12 survivors (12288K)
 Metaspace       used 159602K, capacity 165416K, committed 165632K, reserved 661504K
  class space    used 19847K, capacity 21985K, committed 22016K, reserved 516096K
}
Event: 684.977 GC heap after
{Heap after GC invocations=458 (full 0):
 garbage-first heap   total 368640K, used 249579K [0x0000000080000000, 0x0000000100000000)
  region size 1024K, 10 young (10240K), 10 survivors (10240K)
 Metaspace       used 159602K, capacity 165416K, committed 165632K, reserved 661504K
  class space    used 19847K, capacity 21985K, committed 22016K, reserved 516096K
}

